<?xml version="1.0" encoding="UTF-8"?>
<!-- Generated by org.testng.reporters.JUnitReportReporter -->
<testsuite skipped="0" hostname="DESKTOP-2NUN3OD" name="runners.SmokeRunner" tests="1" failures="0" timestamp="2020-08-14T10:28:46 IST" time="42.874" errors="0">
  <testcase name="runScenario" time="42.874" classname="runners.SmokeRunner"/>
  <system-out/>
</testsuite> <!-- runners.SmokeRunner -->
