<?xml version="1.0" encoding="UTF-8"?>
<!-- Generated by org.testng.reporters.JUnitReportReporter -->
<testsuite skipped="0" hostname="DESKTOP-2NUN3OD" name="runners.CustomRunner" tests="1" failures="0" timestamp="2020-08-27T13:09:01 IST" time="52.140" errors="0">
  <testcase name="runScenario" time="52.140" classname="runners.CustomRunner"/>
  <system-out/>
</testsuite> <!-- runners.CustomRunner -->
