<?xml version="1.0" encoding="UTF-8"?>
<!-- Generated by org.testng.reporters.JUnitReportReporter -->
<testsuite skipped="0" hostname="DESKTOP-2NUN3OD" name="runners.RegressionTesting" tests="14" failures="0" timestamp="2020-08-05T19:56:59 IST" time="0.799" errors="14">
  <testcase name="runScenario" time="0.016" classname="runners.RegressionTesting">
    <error type="java.lang.NumberFormatException" message="null">
      <![CDATA[java.lang.NumberFormatException: null
at java.lang.Long.parseLong(Long.java:552)
at java.lang.Long.parseLong(Long.java:631)
at base.TestBase.initialization(TestBase.java:51)
at scenarios.Login.beforeScenarioStart(Login.java:23)
]]>
    </error>
  </testcase> <!-- runScenario -->
  <system-out/>
  <testcase name="runScenario" time="0.012" classname="runners.RegressionTesting">
    <error type="java.lang.NumberFormatException" message="null">
      <![CDATA[java.lang.NumberFormatException: null
at java.lang.Long.parseLong(Long.java:552)
at java.lang.Long.parseLong(Long.java:631)
at base.TestBase.initialization(TestBase.java:51)
at scenarios.Login.beforeScenarioStart(Login.java:23)
]]>
    </error>
  </testcase> <!-- runScenario -->
  <system-out/>
  <testcase name="runScenario" time="0.013" classname="runners.RegressionTesting">
    <error type="java.lang.NumberFormatException" message="null">
      <![CDATA[java.lang.NumberFormatException: null
at java.lang.Long.parseLong(Long.java:552)
at java.lang.Long.parseLong(Long.java:631)
at base.TestBase.initialization(TestBase.java:51)
at scenarios.Login.beforeScenarioStart(Login.java:23)
]]>
    </error>
  </testcase> <!-- runScenario -->
  <system-out/>
  <testcase name="runScenario" time="0.093" classname="runners.RegressionTesting">
    <error type="java.lang.NumberFormatException" message="null">
      <![CDATA[java.lang.NumberFormatException: null
at java.lang.Long.parseLong(Long.java:552)
at java.lang.Long.parseLong(Long.java:631)
at base.TestBase.initialization(TestBase.java:51)
at scenarios.Login.beforeScenarioStart(Login.java:23)
]]>
    </error>
  </testcase> <!-- runScenario -->
  <system-out/>
  <testcase name="runScenario" time="0.021" classname="runners.RegressionTesting">
    <error type="java.lang.NumberFormatException" message="null">
      <![CDATA[java.lang.NumberFormatException: null
at java.lang.Long.parseLong(Long.java:552)
at java.lang.Long.parseLong(Long.java:631)
at base.TestBase.initialization(TestBase.java:51)
at scenarios.Login.beforeScenarioStart(Login.java:23)
]]>
    </error>
  </testcase> <!-- runScenario -->
  <system-out/>
  <testcase name="runScenario" time="0.021" classname="runners.RegressionTesting">
    <error type="java.lang.NumberFormatException" message="null">
      <![CDATA[java.lang.NumberFormatException: null
at java.lang.Long.parseLong(Long.java:552)
at java.lang.Long.parseLong(Long.java:631)
at base.TestBase.initialization(TestBase.java:51)
at scenarios.Login.beforeScenarioStart(Login.java:23)
]]>
    </error>
  </testcase> <!-- runScenario -->
  <system-out/>
  <testcase name="runScenario" time="0.026" classname="runners.RegressionTesting">
    <error type="java.lang.NumberFormatException" message="null">
      <![CDATA[java.lang.NumberFormatException: null
at java.lang.Long.parseLong(Long.java:552)
at java.lang.Long.parseLong(Long.java:631)
at base.TestBase.initialization(TestBase.java:51)
at scenarios.Login.beforeScenarioStart(Login.java:23)
]]>
    </error>
  </testcase> <!-- runScenario -->
  <system-out/>
  <testcase name="runScenario" time="0.010" classname="runners.RegressionTesting">
    <error type="java.lang.NumberFormatException" message="null">
      <![CDATA[java.lang.NumberFormatException: null
at java.lang.Long.parseLong(Long.java:552)
at java.lang.Long.parseLong(Long.java:631)
at base.TestBase.initialization(TestBase.java:51)
at scenarios.Login.beforeScenarioStart(Login.java:23)
]]>
    </error>
  </testcase> <!-- runScenario -->
  <system-out/>
  <testcase name="runScenario" time="0.017" classname="runners.RegressionTesting">
    <error type="java.lang.NumberFormatException" message="null">
      <![CDATA[java.lang.NumberFormatException: null
at java.lang.Long.parseLong(Long.java:552)
at java.lang.Long.parseLong(Long.java:631)
at base.TestBase.initialization(TestBase.java:51)
at scenarios.Login.beforeScenarioStart(Login.java:23)
]]>
    </error>
  </testcase> <!-- runScenario -->
  <system-out/>
  <testcase name="runScenario" time="0.044" classname="runners.RegressionTesting">
    <error type="java.lang.NumberFormatException" message="null">
      <![CDATA[java.lang.NumberFormatException: null
at java.lang.Long.parseLong(Long.java:552)
at java.lang.Long.parseLong(Long.java:631)
at base.TestBase.initialization(TestBase.java:51)
at scenarios.Login.beforeScenarioStart(Login.java:23)
]]>
    </error>
  </testcase> <!-- runScenario -->
  <system-out/>
  <testcase name="runScenario" time="0.011" classname="runners.RegressionTesting">
    <error type="java.lang.NumberFormatException" message="null">
      <![CDATA[java.lang.NumberFormatException: null
at java.lang.Long.parseLong(Long.java:552)
at java.lang.Long.parseLong(Long.java:631)
at base.TestBase.initialization(TestBase.java:51)
at scenarios.Login.beforeScenarioStart(Login.java:23)
]]>
    </error>
  </testcase> <!-- runScenario -->
  <system-out/>
  <testcase name="runScenario" time="0.433" classname="runners.RegressionTesting">
    <error type="java.lang.NumberFormatException" message="null">
      <![CDATA[java.lang.NumberFormatException: null
at java.lang.Long.parseLong(Long.java:552)
at java.lang.Long.parseLong(Long.java:631)
at base.TestBase.initialization(TestBase.java:51)
at scenarios.Login.beforeScenarioStart(Login.java:23)
]]>
    </error>
  </testcase> <!-- runScenario -->
  <system-out/>
  <testcase name="runScenario" time="0.036" classname="runners.RegressionTesting">
    <error type="java.lang.NumberFormatException" message="null">
      <![CDATA[java.lang.NumberFormatException: null
at java.lang.Long.parseLong(Long.java:552)
at java.lang.Long.parseLong(Long.java:631)
at base.TestBase.initialization(TestBase.java:51)
at scenarios.Login.beforeScenarioStart(Login.java:23)
]]>
    </error>
  </testcase> <!-- runScenario -->
  <system-out/>
  <testcase name="runScenario" time="0.046" classname="runners.RegressionTesting">
    <error type="java.lang.NumberFormatException" message="null">
      <![CDATA[java.lang.NumberFormatException: null
at java.lang.Long.parseLong(Long.java:552)
at java.lang.Long.parseLong(Long.java:631)
at base.TestBase.initialization(TestBase.java:51)
at scenarios.Login.beforeScenarioStart(Login.java:23)
]]>
    </error>
  </testcase> <!-- runScenario -->
  <system-out/>
</testsuite> <!-- runners.RegressionTesting -->
